[INFO] Scanning for projects...
[INFO] 
[INFO] ---------------------< com.btech.propertymgt:demo >---------------------
[INFO] Building PROPERTY MANAGEMENT SYSTEM 0.0.1-SNAPSHOT
[INFO]   from pom.xml
[INFO] --------------------------------[ jar ]---------------------------------
[INFO] 
[INFO] --- resources:3.3.1:resources (default-resources) @ demo ---
[INFO] Copying 1 resource from src\main\resources to target\classes
[INFO] Copying 0 resource from src\main\resources to target\classes
[INFO] 
[INFO] --- compiler:3.14.1:compile (default-compile) @ demo ---
[INFO] Recompiling the module because of changed source code.
[INFO] Compiling 58 source files with javac [debug parameters release 21] to target\classes
WARNING: A terminally deprecated method in sun.misc.Unsafe has been called
WARNING: sun.misc.Unsafe::objectFieldOffset has been called by lombok.permit.Permit
WARNING: Please consider reporting this to the maintainers of class lombok.permit.Permit
WARNING: sun.misc.Unsafe::objectFieldOffset will be removed in a future release
[INFO] -------------------------------------------------------------
[ERROR] COMPILATION ERROR : 
[INFO] -------------------------------------------------------------
[ERROR] /D:/SpringBoot/Propertymgt/demo/src/main/java/com/btech/propertymgt/demo/services/LocationService.java:[40,46] cannot find symbol
  symbol:   method getLevel()
  location: variable locationDetails of type com.btech.propertymgt.demo.models.Location
[ERROR] /D:/SpringBoot/Propertymgt/demo/src/main/java/com/btech/propertymgt/demo/services/LocationService.java:[41,47] cannot find symbol
  symbol:   method getParent()
  location: variable locationDetails of type com.btech.propertymgt.demo.models.Location
[ERROR] /D:/SpringBoot/Propertymgt/demo/src/main/java/com/btech/propertymgt/demo/services/PropertyService.java:[51,21] cannot find symbol
  symbol:   method setTenant(com.btech.propertymgt.demo.models.Tenant)
  location: variable property of type com.btech.propertymgt.demo.models.Property
[ERROR] /D:/SpringBoot/Propertymgt/demo/src/main/java/com/btech/propertymgt/demo/services/PropertyService.java:[59,21] cannot find symbol
  symbol:   method setTenant(<nulltype>)
  location: variable property of type com.btech.propertymgt.demo.models.Property
[INFO] 4 errors 
[INFO] -------------------------------------------------------------
[INFO] ------------------------------------------------------------------------
[INFO] BUILD FAILURE
[INFO] ------------------------------------------------------------------------
[INFO] Total time:  28.317 s
[INFO] Finished at: 2026-03-08T20:12:24+02:00
[INFO] ------------------------------------------------------------------------
[ERROR] Failed to execute goal org.apache.maven.plugins:maven-compiler-plugin:3.14.1:compile (default-compile) on project demo: Compilation failure: Compilation failure: 
[ERROR] /D:/SpringBoot/Propertymgt/demo/src/main/java/com/btech/propertymgt/demo/services/LocationService.java:[40,46] cannot find symbol
[ERROR]   symbol:   method getLevel()
[ERROR]   location: variable locationDetails of type com.btech.propertymgt.demo.models.Location
[ERROR] /D:/SpringBoot/Propertymgt/demo/src/main/java/com/btech/propertymgt/demo/services/LocationService.java:[41,47] cannot find symbol
[ERROR]   symbol:   method getParent()
[ERROR]   location: variable locationDetails of type com.btech.propertymgt.demo.models.Location
[ERROR] /D:/SpringBoot/Propertymgt/demo/src/main/java/com/btech/propertymgt/demo/services/PropertyService.java:[51,21] cannot find symbol
[ERROR]   symbol:   method setTenant(com.btech.propertymgt.demo.models.Tenant)
[ERROR]   location: variable property of type com.btech.propertymgt.demo.models.Property
[ERROR] /D:/SpringBoot/Propertymgt/demo/src/main/java/com/btech/propertymgt/demo/services/PropertyService.java:[59,21] cannot find symbol
[ERROR]   symbol:   method setTenant(<nulltype>)
[ERROR]   location: variable property of type com.btech.propertymgt.demo.models.Property
[ERROR] -> [Help 1]
[ERROR] 
[ERROR] To see the full stack trace of the errors, re-run Maven with the -e switch.
[ERROR] Re-run Maven using the -X switch to enable full debug logging.
[ERROR] 
[ERROR] For more information about the errors and possible solutions, please read the following articles:
[ERROR] [Help 1] http://cwiki.apache.org/confluence/display/MAVEN/MojoFailureException
